2018-12-07 08:55:20,407 WARNING client Server address is empty, using localhost 
2018-12-07 08:55:20,407 WARNING client Server port is empty, using 7777 
2018-12-07 08:55:20,407 DEBUG client Starting connection... 
2018-12-07 08:55:20,457 DEBUG decorator Function create_message was called from main 
2018-12-07 08:55:20,458 DEBUG decorator Function create_message((), {}), return {'action': 'presence', 'time': 1544169320.415073, 'user': {'account_name': 'account_name'}} 
2018-12-07 08:55:20,458 DEBUG client Sending message... 
2018-12-07 08:55:20,459 DEBUG client Waiting for response... 
2018-12-07 08:55:20,466 DEBUG decorator Function message_response was called from main 
2018-12-07 08:55:20,466 DEBUG decorator Function message_response(({'action': 'presence', 'time': 1544169320.415073, 'user': {'account_name': 'account_name'}},), {}), return {'response': 200} 
2018-12-07 08:55:20,468 DEBUG decorator Function translate_message was called from main 
2018-12-07 08:55:20,468 DEBUG decorator Function translate_message(({'response': 200},), {}), return {'response': 200} 
2018-12-07 08:55:20,468 INFO client Response: {'response': 200} 
2018-12-07 08:55:20,470 DEBUG decorator Function main was called from test_communication 
2018-12-07 08:55:20,475 DEBUG decorator Function main((), {}), return None 
2018-12-07 08:55:20,479 DEBUG decorator Function create_message was called from test_create_message 
2018-12-07 08:55:20,480 DEBUG decorator Function create_message((), {}), return {'action': 'presence', 'time': 1544169320.477323, 'user': {'account_name': 'account_name'}} 
2018-12-07 08:55:20,486 WARNING client create_message Username Too Long Error 
2018-12-07 08:55:20,492 WARNING client create_message Type Error 
2018-12-07 08:55:20,501 DEBUG decorator Function create_message was called from test_create_message_with_account_name 
2018-12-07 08:55:20,502 DEBUG decorator Function create_message(('Kostia',), {}), return {'action': 'presence', 'time': 1544169320.4938529, 'user': {'account_name': 'Kostia'}} 
2018-12-07 08:55:20,511 DEBUG decorator Function translate_message was called from test_translate_message 
2018-12-07 08:55:20,511 DEBUG decorator Function translate_message(({'response': 200},), {}), return {'response': 200} 
2018-12-07 08:55:20,515 ERROR client translate_message Mandatory Key Error 
2018-12-07 08:55:20,518 ERROR client translate_message Type error 
2018-12-07 08:55:20,519 ERROR client translate_message Response Code Length Error 
2018-12-07 08:55:20,524 ERROR client translate_message Response code error 
2018-12-07 08:56:05,841 DEBUG decorator Function message_response was called from test_message_response 
2018-12-07 08:56:05,846 DEBUG decorator Function message_response(({'action': 'presence', 'time': 1544169365.776617, 'user': {'account_name': 'account_name'}},), {}), return {'response': 200} 
2018-12-07 08:56:05,861 DEBUG decorator Function message_response was called from test_message_response_incorrect 
2018-12-07 08:56:05,861 DEBUG decorator Function message_response(({},), {}), return {'response': 400, 'error': 'Incorrect request'} 
2022-01-29 18:14:16,622 INFO client Client started 
2022-01-29 18:14:16,623 WARNING client Server address is empty, using localhost 
2022-01-29 18:14:16,623 WARNING client Server port is empty, using 7777 
2022-01-29 18:14:16,623 DEBUG client Starting connection... 
2022-01-29 18:14:16,644 DEBUG decorator Function create_message was called from main 
2022-01-29 18:14:16,644 DEBUG decorator Function create_message((), {}), return {'action': 'presence', 'time': 1643465656.6273432, 'user': {'account_name': 'account_name'}} 
2022-01-29 18:14:16,644 DEBUG client Waiting for response... 
2022-01-29 18:14:16,676 DEBUG decorator Function translate_message was called from main 
2022-01-29 18:14:16,676 DEBUG decorator Function translate_message(({'response': 200},), {}), return {'response': 200} 
2022-01-29 18:14:16,676 INFO client Response: {'response': 200} 
2022-01-29 18:14:16,677 ERROR client Exception: Expecting value: line 1 column 1 (char 0) 
2022-01-29 18:14:16,677 INFO client Client stopped 
2022-01-29 18:14:41,688 INFO client Client started 
2022-01-29 18:14:41,688 WARNING client Server address is empty, using localhost 
2022-01-29 18:14:41,688 WARNING client Server port is empty, using 7777 
2022-01-29 18:14:41,688 DEBUG client Starting connection... 
2022-01-29 18:14:41,706 DEBUG decorator Function create_message was called from main 
2022-01-29 18:14:41,706 DEBUG decorator Function create_message((), {}), return {'action': 'presence', 'time': 1643465681.691496, 'user': {'account_name': 'account_name'}} 
2022-01-29 18:14:41,706 DEBUG client Waiting for response... 
2022-01-29 18:14:41,707 DEBUG decorator Function translate_message was called from main 
2022-01-29 18:14:41,707 DEBUG decorator Function translate_message(({'response': 200},), {}), return {'response': 200} 
2022-01-29 18:14:41,707 INFO client Response: {'response': 200} 
2022-01-29 18:14:41,708 ERROR client Exception: Expecting value: line 1 column 1 (char 0) 
2022-01-29 18:14:41,708 INFO client Client stopped 
2022-01-29 18:15:07,799 INFO client Client started 
2022-01-29 18:15:07,799 WARNING client Server address is empty, using localhost 
2022-01-29 18:15:07,799 WARNING client Server port is empty, using 7777 
2022-01-29 18:15:07,799 DEBUG client Starting connection... 
2022-01-29 18:15:07,816 DEBUG decorator Function create_message was called from main 
2022-01-29 18:15:07,816 DEBUG decorator Function create_message((), {}), return {'action': 'presence', 'time': 1643465707.802131, 'user': {'account_name': 'account_name'}} 
2022-01-29 18:15:07,816 DEBUG client Waiting for response... 
2022-01-29 18:15:07,817 DEBUG decorator Function translate_message was called from main 
2022-01-29 18:15:07,817 DEBUG decorator Function translate_message(({'response': 200},), {}), return {'response': 200} 
2022-01-29 18:15:07,817 INFO client Response: {'response': 200} 
2022-01-29 18:15:07,817 ERROR client Exception: Expecting value: line 1 column 1 (char 0) 
2022-01-29 18:15:07,818 INFO client Client stopped 
